Determining if the pthread_create exist failed with the following output:
Change Dir: /home/komodo/catkin_ws/src/komodo2/komodo2_hw/cmake-build-debug/CMakeFiles/CMakeTmp

Run Build Command:"/usr/bin/make" "cmTC_dde8a/fast"
/usr/bin/make -f CMakeFiles/cmTC_dde8a.dir/build.make CMakeFiles/cmTC_dde8a.dir/build
make[1]: Entering directory '/home/komodo/catkin_ws/src/komodo2/komodo2_hw/cmake-build-debug/CMakeFiles/CMakeTmp'
Building C object CMakeFiles/cmTC_dde8a.dir/CheckSymbolExists.c.o
/usr/bin/cc    -o CMakeFiles/cmTC_dde8a.dir/CheckSymbolExists.c.o   -c /home/komodo/catkin_ws/src/komodo2/komodo2_hw/cmake-build-debug/CMakeFiles/CMakeTmp/CheckSymbolExists.c
Linking C executable cmTC_dde8a
/opt/clion-2017.3.1/bin/cmake/bin/cmake -E cmake_link_script CMakeFiles/cmTC_dde8a.dir/link.txt --verbose=1
/usr/bin/cc      -rdynamic CMakeFiles/cmTC_dde8a.dir/CheckSymbolExists.c.o  -o cmTC_dde8a 
CMakeFiles/cmTC_dde8a.dir/CheckSymbolExists.c.o: In function `main':
CheckSymbolExists.c:(.text+0x16): undefined reference to `pthread_create'
collect2: error: ld returned 1 exit status
CMakeFiles/cmTC_dde8a.dir/build.make:97: recipe for target 'cmTC_dde8a' failed
make[1]: *** [cmTC_dde8a] Error 1
make[1]: Leaving directory '/home/komodo/catkin_ws/src/komodo2/komodo2_hw/cmake-build-debug/CMakeFiles/CMakeTmp'
Makefile:126: recipe for target 'cmTC_dde8a/fast' failed
make: *** [cmTC_dde8a/fast] Error 2

File /home/komodo/catkin_ws/src/komodo2/komodo2_hw/cmake-build-debug/CMakeFiles/CMakeTmp/CheckSymbolExists.c:
/* */
#include <pthread.h>

int main(int argc, char** argv)
{
  (void)argv;
#ifndef pthread_create
  return ((int*)(&pthread_create))[argc];
#else
  (void)argc;
  return 0;
#endif
}

Determining if the function pthread_create exists in the pthreads failed with the following output:
Change Dir: /home/komodo/catkin_ws/src/komodo2/komodo2_hw/cmake-build-debug/CMakeFiles/CMakeTmp

Run Build Command:"/usr/bin/make" "cmTC_ea31b/fast"
/usr/bin/make -f CMakeFiles/cmTC_ea31b.dir/build.make CMakeFiles/cmTC_ea31b.dir/build
make[1]: Entering directory '/home/komodo/catkin_ws/src/komodo2/komodo2_hw/cmake-build-debug/CMakeFiles/CMakeTmp'
Building C object CMakeFiles/cmTC_ea31b.dir/CheckFunctionExists.c.o
/usr/bin/cc   -DCHECK_FUNCTION_EXISTS=pthread_create   -o CMakeFiles/cmTC_ea31b.dir/CheckFunctionExists.c.o   -c /opt/clion-2017.3.1/bin/cmake/share/cmake-3.9/Modules/CheckFunctionExists.c
Linking C executable cmTC_ea31b
/opt/clion-2017.3.1/bin/cmake/bin/cmake -E cmake_link_script CMakeFiles/cmTC_ea31b.dir/link.txt --verbose=1
/usr/bin/cc  -DCHECK_FUNCTION_EXISTS=pthread_create    -rdynamic CMakeFiles/cmTC_ea31b.dir/CheckFunctionExists.c.o  -o cmTC_ea31b -lpthreads 
/usr/bin/ld: cannot find -lpthreads
collect2: error: ld returned 1 exit status
CMakeFiles/cmTC_ea31b.dir/build.make:97: recipe for target 'cmTC_ea31b' failed
make[1]: *** [cmTC_ea31b] Error 1
make[1]: Leaving directory '/home/komodo/catkin_ws/src/komodo2/komodo2_hw/cmake-build-debug/CMakeFiles/CMakeTmp'
Makefile:126: recipe for target 'cmTC_ea31b/fast' failed
make: *** [cmTC_ea31b/fast] Error 2


